<?xml version="1.0" encoding="UTF-8"?>
<!-- Generated by org.testng.reporters.JUnitReportReporter -->
<testsuite hostname="DESKTOP-0BR2GDR" failures="0" tests="3" name="com.testng2.One" time="11.171" errors="0" timestamp="8 Jul 2019 23:05:25 GMT">
  <testcase classname="com.testng2.One" name="aa" time="4.396"/>
  <testcase classname="com.testng2.One" name="aa1" time="3.500"/>
  <testcase classname="com.testng2.One" name="aa2" time="3.275"/>
</testsuite> <!-- com.testng2.One -->
