<?xml version="1.0" encoding="UTF-8"?>
<!-- Generated by org.testng.reporters.JUnitReportReporter -->
<testsuite hostname="DESKTOP-0BR2GDR" failures="0" tests="2" name="com.testng2.NewMu" time="1.673" errors="0" timestamp="8 Jul 2019 23:37:22 GMT">
  <testcase classname="com.testng2.NewMu" name="aa" time="0.901"/>
  <testcase classname="com.testng2.NewMu" name="aa" time="0.772"/>
</testsuite> <!-- com.testng2.NewMu -->
