<?xml version="1.0" encoding="UTF-8"?>
<!-- Generated by org.testng.reporters.JUnitReportReporter -->
<testsuite hostname="DESKTOP-0BR2GDR" failures="0" tests="1" name="com.testng.LibraryOne" time="3.804" errors="0" timestamp="8 Jul 2019 22:57:08 GMT">
  <testcase classname="com.testng.LibraryOne" name="say" time="3.804"/>
</testsuite> <!-- com.testng.LibraryOne -->
